
ROM used: 4275 (52%)
          4391 (54%) including unused fragments

          2 Average locations per line
          8 Average locations per statement

RAM used: 31 (8%) at main() level
          122 (33%) worst case

Stack used: 6 worst case (out of 7 total available)

Lines Stmts  %   Files
----- ----- ---  -----
  727   303  55  badevifte3.6.c
  244     0   0  C:\PROGRA~1\PICC\devices\16F876.H
   66     0   0  kenny.h
  762   238  43  C:\PROGRA~1\PICC\drivers\math.h
   57     0   0  ntc.h
   48    13   2  ntc.c
----- -----
 1904   554 Total

Page ROM  %  RAM   Vol Diff  Functions:
---- --- --- ---   --- ----  ----------
0     65   2  10             @FLT
0     29   1   2             @ITOF
0    204   5  14             @DIVFF
0    326   8  16             @ADDFF
0    134   3  13             @MULFF
0     37   1   2             @SITOF
 Inline       25  1095  8.4  log
 Inline        9   155  3.7  adc_2_ohm
 Inline       19   420  2.8  r2temperature
0     20   0   1             @delay_ms1
0     84   2   1   935  6.8  TimerInterrupt
0     30   1   1   119  2.0  printVersionInfo
0     21   0   0             @const225
0     21   0   0             @const226
2    160   4   1   860  2.9  main
1    390   9   3   396  5.4  PrintMenu
0     13   0   0             @const229
0     14   0   0             @const230
0     15   0   0             @const231
0     21   0   0             @const232
1      8   0   0             @goto10636
1    420  10   2  2700  7.4  CheckSwitches
0     21   0   0             @const234
0     22   1   0             @const235
0     21   0   3             @DIV88
0     53   1   2             @PRINTF_U_192
0     21   0   0             @const243
0     21   0   0             @const244
0     24   1   0             @const245
0     20   0   0             @const247
0     21   0   0             @const248
0     18   0   0             @const249
1      8   0   0             @goto10756
 Inline        9   928  4.8  DisplayData
0     33   1   5             @FTOSD
0     66   2  13             @DIV3232
0    204   5  13             @PRINTF_L32D_192FPFPF
0     11   0   0             @const265
0     11   0   0             @const266
0     11   0   0             @const267
1   1142  27  10   188  2.9  getTemp
0    216   5  18   355  6.3  getRH
 Inline        0    38  1.4  StartFan
 Inline        0    38  1.4  StopFan
2    135   3  13   732  6.9  AutoFan
0     32   1   0   245  1.4  LCD_Init
0     13   0   2   104  1.7  LCD_SetPosition
0     19   0   1   134  1.3  LCD_PutChar
0     11   0   1    90  1.4  LCD_PutCmd
0     17   0   0    72  1.2  LCD_PulseEnable
0     41   1   1   174  2.3  LCD_SetData

Program metrics:
    Functions               20
    Statements              554
    Comments                583
    Volume (V)              15898
    Difficilty (D)          70.7
    Effort to implement (E) 1123468
    Time to implement (T)   17 hours, 20 minutes
    Est Delivered Bugs (B)  4
    Cyclomatic Complexity   45
    Maintainability (MI)    126

 Segment     Used  Free
-----------  ----  ----
00000-00003     4  0  
00004-00032    47  0  
00033-007FF  1961  36  
00800-00FFF  1968  80  
01000-017FF   295  1753  
01800-01FFF     0  2048  



THE FOLLOWING IS TEMPORARY FOR DIAGNOSTIC USE ONLY:

    n1    n2    N1    N2   v(G)
     0     1     0     0     0    @FLT
     0     1     0     0     0    @ITOF
     0     1     0     0     0    @DIVFF
     0     1     0     0     0    @ADDFF
     0     1     0     0     0    @MULFF
     0     1     0     0     0    @SITOF
    17    77    91    76     2    log
     9    17    19    14     1    adc_2_ohm
    11    57    40    29     1    r2temperature
     0     1     0     0     0    @delay_ms1
    14    59    94    57    10    TimerInterrupt
     5    16    14    13     0    printVersionInfo
     0     1     0     0     0    @const225
     0     1     0     0     0    @const226
     6    67    74    65     0    main
    12    29    48    26     5    PrintMenu
     0     1     0     0     0    @const229
     0     1     0     0     0    @const230
     0     1     0     0     0    @const231
     0     1     0     0     0    @const232
     0     1     0     0     0    @goto10636
    15   161   204   158    12    CheckSwitches
     0     1     0     0     0    @const234
     0     1     0     0     0    @const235
     0     1     0     0     0    @DIV88
     0     1     0     0     0    @PRINTF_U_192
     0     1     0     0     0    @const243
     0     1     0     0     0    @const244
     0     1     0     0     0    @const245
     0     1     0     0     0    @const247
     0     1     0     0     0    @const248
     0     1     0     0     0    @const249
     0     1     0     0     0    @goto10756
    10    65    87    62     6    DisplayData
     0     1     0     0     0    @FTOSD
     0     1     0     0     0    @DIV3232
     0     1     0     0     0    @PRINTF_L32D_192FPFPF
     0     1     0     0     0    @const265
     0     1     0     0     0    @const266
     0     1     0     0     0    @const267
     6    20    21    19     0    getTemp
    13    31    35    30     1    getRH
     4     7     6     5     0    StartFan
     4     7     6     5     0    StopFan
    14    50    73    49     7    AutoFan
     3    25    28    23     0    LCD_Init
     4    14    13    12     0    LCD_SetPosition
     3    17    16    15     0    LCD_PutChar
     3    12    12    11     0    LCD_PutCmd
     3    11    10     9     0    LCD_PulseEnable
     5    21    18    19     0    LCD_SetData
