
ROM used: 299 (15%)
          299 (15%) including unused fragments

          1 Average locations per line
          3 Average locations per statement

RAM used: 21 (9%) at main() level
          22 (10%) worst case

Stack used: 3 worst case (out of 8 total available)

Lines Stmts  %   Files
----- ----- ---  -----
  296    87 100  main.c
  222     0   0  ..\..\..\Program Files\PICC\Devices\16F628A.h
----- -----
  518    87 Total

Page ROM  %  RAM   Vol Diff  Functions:
---- --- --- ---   --- ----  ----------
0     21   7   1             @delay_ms1
0      3   1   0     5  1.0  TIMER1_isr
0      6   2   0    17  1.3  TIMER2_isr
0     33  11   0   225  4.1  TIMER0_isr
0    143  48   1  2176  6.9  MAIN
0     34  11   0   282  3.7  get_AD

Program metrics:
    Functions               5
    Statements              87
    Comments                149
    Volume (V)              3209
    Difficilty (D)          17.7
    Effort to implement (E) 56936
    Time to implement (T)   53 minutes
    Est Delivered Bugs (B)  0
    Cyclomatic Complexity   4
    Maintainability (MI)    132

 Segment     Used  Free
-----------  ----  ----
00000-00003     4  0  
00004-0003A    55  0  
0003B-007FF   240  1749  



