
ROM used: 143 (2%)
          143 (2%) including unused fragments

          0 Average locations per line
          10 Average locations per statement

RAM used: 16 (4%) at main() level
          17 (5%) worst case

Stack used: 2 worst case (out of 7 total available)

Lines Stmts  %   Files
----- ----- ---  -----
  147    14 100  datalogv1.1_no_lcd.c
  244     0   0  C:\PROGRA~1\PICC\devices\16F876.H
----- -----
  391    14 Total

Page ROM  %  RAM   Vol Diff  Functions:
---- --- --- ---   --- ----  ----------
0     21  15   1             @delay_ms1
0      6   4   0    21  0.9  TimerInterrupt
0     53  37   1   219  1.8  main
0     12   8   2    37  1.7  CheckSample

Program metrics:
    Functions               3
    Statements              14
    Comments                80
    Volume (V)              354
    Difficilty (D)          4.6
    Effort to implement (E) 1611
    Time to implement (T)   1 minutes
    Est Delivered Bugs (B)  0
    Cyclomatic Complexity   1
    Maintainability (MI)    171

 Segment     Used  Free
-----------  ----  ----
00000-00003     4  0  
00004-00032    47  0  
00033-007FF    92  1905  
00800-00FFF     0  2048  
01000-017FF     0  2048  
01800-01FFF     0  2048  



THE FOLLOWING IS TEMPORARY FOR DIAGNOSTIC USE ONLY:

    n1    n2    N1    N2   v(G)
     0     1     0     0     0    @delay_ms1
     3     5     4     3     0    TimerInterrupt
     4    23    25    21     0    main
     4     6     6     5     0    CheckSample
