
ROM used: 4789 (58%)
          4936 (60%) including unused fragments

          2 Average locations per line
          8 Average locations per statement

RAM used: 35 (10%) at main() level
          119 (32%) worst case

Stack used: 7 worst case (out of 6 total available)

Lines Stmts  %   Files
----- ----- ---  -----
  784   322  53  badeviftev4.c
  244     0   0  C:\PROGRA~1\PICC\devices\16F876.H
   66     0   0  kenny.h
  762   238  39  C:\PROGRA~1\PICC\drivers\math.h
   57     0   0  ntc.h
   20     0   0  lcd.h
   48    13   2  ntc.c
   69    35   6  lcd.c
----- -----
 2050   608 Total

Page ROM  %  RAM   Vol Diff  Functions:
---- --- --- ---   --- ----  ----------
0     65   1  10             @FLT
1     33   1   4             @SFTOI
0     29   1   2             @ITOF
0    204   4  14             @DIVFF
0    326   7  16             @ADDFF
0    119   2  13             @MULFF
0     39   1   2             @SITOF
 Inline       25  1095  8.4  log
0     20   0   1             @delay_ms1
 Inline        9   155  3.7  adc_2_ohm
 Inline       19   367  5.5  r2temperature
0     32   1   0   245  1.4  LCD_Init
0     13   0   2   104  1.7  LCD_SetPosition
0     19   0   1   134  1.3  LCD_PutChar
0     11   0   1    90  1.4  LCD_PutCmd
0     17   0   0    72  1.2  LCD_PulseEnable
0     41   1   1   174  2.3  LCD_SetData
0    132   3   1  1396  6.8  TimerInterrupt
0     41   1   2             @MUL88
0     30   1   1   119  2.0  printVersionInfo
0     20   0   0             @const235
0     21   0   0             @const236
1    178   4   1   949  2.9  main
2    832  17   3   481  5.5  PrintMenu
0     13   0   0             @const239
0     14   0   0             @const240
0     15   0   0             @const241
0     18   0   0             @const242
2      8   0   0             @goto10713
0     84   2   1  1233  5.8  CheckSwitches
0      8   0   0             @goto10766
 Inline        2  1587  4.4  DisplaySettings
0     21   0   0             @const245
0     22   0   0             @const246
0     21   0   3             @DIV88
0     53   1   2             @PRINTF_U_184
0     21   0   0             @const254
0     21   0   0             @const255
0     24   1   0             @const256
0     20   0   0             @const258
0     21   0   0             @const259
0     18   0   0             @const260
0     21   0   0             @const261
 Inline        9   795  4.3  DisplayData
0     33   1   5             @FTOSD
0     66   1  13             @DIV3232
1    226   5  13             @PRINTF_L32D_184FPFPF
0     11   0   0             @const277
0     11   0   0             @const278
0     11   0   0             @const279
1   1172  24  10   188  2.9  getTemp
0    222   5  18   355  6.3  getRH
1    161   3  14   319  5.1  getInterval
 Inline        0    38  1.4  StartFan
 Inline        0    38  1.4  StopFan
0     35   1   0   295  4.1  DelayedFan
1    145   3  13   732  6.9  AutoFan

Program metrics:
    Functions               23
    Statements              608
    Comments                705
    Volume (V)              18595
    Difficilty (D)          84.7
    Effort to implement (E) 1575855
    Time to implement (T)   24 hours, 19 minutes
    Est Delivered Bugs (B)  5
    Cyclomatic Complexity   54
    Maintainability (MI)    120

 Segment     Used  Free
-----------  ----  ----
00000-00003     4  0  
00004-00032    47  0  
00033-007FF  1983  14  
00800-00FFF  1915  133  
01000-017FF   840  1208  
01800-01FFF     0  2048  



THE FOLLOWING IS TEMPORARY FOR DIAGNOSTIC USE ONLY:

    n1    n2    N1    N2   v(G)
     0     1     0     0     0    @FLT
     0     1     0     0     0    @SFTOI
     0     1     0     0     0    @ITOF
     0     1     0     0     0    @DIVFF
     0     1     0     0     0    @ADDFF
     0     1     0     0     0    @MULFF
     0     1     0     0     0    @SITOF
    17    77    91    76     2    log
     0     1     0     0     0    @delay_ms1
     9    17    19    14     1    adc_2_ohm
    11    29    40    29     1    r2temperature
     3    25    28    23     0    LCD_Init
     4    14    13    12     0    LCD_SetPosition
     3    17    16    15     0    LCD_PutChar
     3    12    12    11     0    LCD_PutCmd
     3    11    10     9     0    LCD_PulseEnable
     5    21    18    19     0    LCD_SetData
    14    82   132    80    13    TimerInterrupt
     0     1     0     0     0    @MUL88
     5    16    14    13     0    printVersionInfo
     0     1     0     0     0    @const235
     0     1     0     0     0    @const236
     6    72    81    70     0    main
    12    34    56    31     6    PrintMenu
     0     1     0     0     0    @const239
     0     1     0     0     0    @const240
     0     1     0     0     0    @const241
     0     1     0     0     0    @const242
     0     1     0     0     0    @goto10713
    12    78   114    76    10    CheckSwitches
     0     1     0     0     0    @goto10766
     9   113   119   110     2    DisplaySettings
     0     1     0     0     0    @const245
     0     1     0     0     0    @const246
     0     1     0     0     0    @DIV88
     0     1     0     0     0    @PRINTF_U_184
     0     1     0     0     0    @const254
     0     1     0     0     0    @const255
     0     1     0     0     0    @const256
     0     1     0     0     0    @const258
     0     1     0     0     0    @const259
     0     1     0     0     0    @const260
     0     1     0     0     0    @const261
     9    58    76    55     5    DisplayData
     0     1     0     0     0    @FTOSD
     0     1     0     0     0    @DIV3232
     0     1     0     0     0    @PRINTF_L32D_184FPFPF
     0     1     0     0     0    @const277
     0     1     0     0     0    @const278
     0     1     0     0     0    @const279
     6    20    21    19     0    getTemp
    13    31    35    30     1    getRH
    11    29    33    27     2    getInterval
     4     7     6     5     0    StartFan
     4     7     6     5     0    StopFan
     9    25    35    23     4    DelayedFan
    14    50    73    49     7    AutoFan
