
ROM used: 2230 (27%)
          2314 (28%) including unused fragments

          2 Average locations per line
          10 Average locations per statement

RAM used: 29 (8%) at main() level
          69 (19%) worst case

Stack used: 6 worst case (out of 7 total available)

Lines Stmts  %   Files
----- ----- ---  -----
  581   230 100  badevifte1.0.c
  244     0   0  C:\PROGRA~1\PICC\devices\16F876.H
   66     0   0  kenny.h
    4     0   0  lcd.inc
----- -----
  895   230 Total

Page ROM  %  RAM   Vol Diff  Functions:
---- --- --- ---   --- ----  ----------
0     20   1   1             @delay_ms1
0     86   4   1   904  4.8  TimerInterrupt
0     30   1   1   119  2.0  printVersionInfo
0     21   1   0             @const80
0     21   1   0             @const81
1    148   7   1   770  2.9  main
0    233  10   2   323  5.3  PrintMenu
0     12   1   0             @const84
0     11   0   0             @const85
0     11   0   0             @const86
1    118   5   1  1176  5.8  CheckSwitches
 Inline        9   682  4.2  DisplayData
0     29   1   2             @ITOF
0     63   3  10             @FLT
0    117   5  13             @MULFF
0     33   1   5             @FTOSD
0     66   3  13             @DIV3232
0    202   9  13             @PRINTF_L32D_50FPFPF
0     13   1   0             @const108
0     12   1   0             @const109
0     14   1   0             @const110
0     12   1   0             @const111
0    157   7  18   213  4.1  getRH
0    202   9  14             @DIVFF
0    323  14  16             @ADDFF
0     33   1   4             @SFTOI
 Inline        0    56  1.6  StartFan
 Inline        0    38  1.4  StopFan
0     59   3   4   349  3.7  AutoFan
0     32   1   0   245  1.4  LCD_Init
0     13   1   2   104  1.7  LCD_SetPosition
0     19   1   1   134  1.3  LCD_PutChar
0     11   0   1    90  1.4  LCD_PutCmd
0     17   1   0    72  1.2  LCD_PulseEnable
0     41   2   1   174  2.3  LCD_SetData

Program metrics:
    Functions               16
    Statements              230
    Comments                199
    Volume (V)              9012
    Difficilty (D)          44.4
    Effort to implement (E) 400304
    Time to implement (T)   6 hours, 11 minutes
    Est Delivered Bugs (B)  2
    Cyclomatic Complexity   33
    Maintainability (MI)    58

 Segment     Used  Free
-----------  ----  ----
00000-00003     4  0  
00004-00032    47  0  
00033-007FF  1913  84  
00800-00FFF   266  1782  
01000-017FF     0  2048  
01800-01FFF     0  2048  



THE FOLLOWING IS TEMPORARY FOR DIAGNOSTIC USE ONLY:

    n1    n2    N1    N2   v(G)
     0     1     0     0     0    @delay_ms1
    10    59    91    57    11    TimerInterrupt
     5    16    14    13     0    printVersionInfo
     0     1     0     0     0    @const80
     0     1     0     0     0    @const81
     6    61    68    59     0    main
    12    25    40    22     4    PrintMenu
     0     1     0     0     0    @const84
     0     1     0     0     0    @const85
     0     1     0     0     0    @const86
    12    76   108    74     9    CheckSwitches
     9    52    66    49     5    DisplayData
     0     1     0     0     0    @ITOF
     0     1     0     0     0    @FLT
     0     1     0     0     0    @MULFF
     0     1     0     0     0    @FTOSD
     0     1     0     0     0    @DIV3232
     0     1     0     0     0    @PRINTF_L32D_50FPFPF
     0     1     0     0     0    @const108
     0     1     0     0     0    @const109
     0     1     0     0     0    @const110
     0     1     0     0     0    @const111
     9    22    23    20     0    getRH
     0     1     0     0     0    @DIVFF
     0     1     0     0     0    @ADDFF
     0     1     0     0     0    @SFTOI
     4     9     8     7     0    StartFan
     4     7     6     5     0    StopFan
     8    29    40    27     4    AutoFan
     3    25    28    23     0    LCD_Init
     4    14    13    12     0    LCD_SetPosition
     3    17    16    15     0    LCD_PutChar
     3    12    12    11     0    LCD_PutCmd
     3    11    10     9     0    LCD_PulseEnable
     5    21    18    19     0    LCD_SetData
